<?xml version="1.0" encoding="UTF-8"?>
<testsuite name="com.thoughtworks.rectangle.RectangleTest" tests="1" skipped="0" failures="0" errors="0" timestamp="2024-06-04T17:23:28" hostname="gurushifu-gurushifugitp-u6aeghfsqz8" time="0.016">
  <properties/>
  <testcase name="shouldReturnOneWhenLengthIsOneAndBreadthIsOne()" classname="com.thoughtworks.rectangle.RectangleTest" time="0.016"/>
  <system-out><![CDATA[]]></system-out>
  <system-err><![CDATA[]]></system-err>
</testsuite>
